<?xml version="1.0" encoding="UTF-8"?>
<!-- Generated by org.testng.reporters.JUnitReportReporter -->
<testsuite skipped="0" hostname="Hitendra-PC" name="com.wordpress.qa.testcases.LoginPageTest" tests="2" failures="0" timestamp="21 Dec 2019 16:47:51 GMT" time="23.942" errors="0">
  <testcase name="loginPageTitleTest" time="10.813" classname="com.wordpress.qa.testcases.LoginPageTest"/>
  <testcase name="loginTest" time="13.129" classname="com.wordpress.qa.testcases.LoginPageTest"/>
</testsuite> <!-- com.wordpress.qa.testcases.LoginPageTest -->
